Traceback (most recent call last):
  File "/Users/gregcaporaso/miniconda3/envs/q2book/lib/python3.6/site-packages/jupyter_cache/executors/utils.py", line 56, in single_nb_execution
    record_timing=False,
  File "/Users/gregcaporaso/miniconda3/envs/q2book/lib/python3.6/site-packages/nbclient/client.py", line 1087, in execute
    return NotebookClient(nb=nb, resources=resources, km=km, **kwargs).execute()
  File "/Users/gregcaporaso/miniconda3/envs/q2book/lib/python3.6/site-packages/nbclient/util.py", line 74, in wrapped
    return just_run(coro(*args, **kwargs))
  File "/Users/gregcaporaso/miniconda3/envs/q2book/lib/python3.6/site-packages/nbclient/util.py", line 53, in just_run
    return loop.run_until_complete(coro)
  File "/Users/gregcaporaso/miniconda3/envs/q2book/lib/python3.6/asyncio/base_events.py", line 488, in run_until_complete
    return future.result()
  File "/Users/gregcaporaso/miniconda3/envs/q2book/lib/python3.6/site-packages/nbclient/client.py", line 541, in async_execute
    cell, index, execution_count=self.code_cells_executed + 1
  File "/Users/gregcaporaso/miniconda3/envs/q2book/lib/python3.6/site-packages/nbclient/client.py", line 832, in async_execute_cell
    self._check_raise_for_error(cell, exec_reply)
  File "/Users/gregcaporaso/miniconda3/envs/q2book/lib/python3.6/site-packages/nbclient/client.py", line 740, in _check_raise_for_error
    raise CellExecutionError.from_cell_and_msg(cell, exec_reply['content'])
nbclient.exceptions.CellExecutionError: An error occurred while executing the following cell:
------------------
show_F(seq1, seq2, data)
------------------

[0;31m---------------------------------------------------------------------------[0m
[0;31mNameError[0m                                 Traceback (most recent call last)
[0;32m<ipython-input-9-ed4f9676d741>[0m in [0;36m<module>[0;34m[0m
[0;32m----> 1[0;31m [0mshow_F[0m[0;34m([0m[0mseq1[0m[0;34m,[0m [0mseq2[0m[0;34m,[0m [0mdata[0m[0;34m)[0m[0;34m[0m[0;34m[0m[0m
[0m
[0;31mNameError[0m: name 'show_F' is not defined
NameError: name 'show_F' is not defined

